<?xml version="1.0" encoding="utf-8"?><testsuites name="pytest tests"><testsuite name="pytest" errors="0" failures="0" skipped="0" tests="17" time="6.171" timestamp="2026-08-22T00:39:45.173857+00:00" hostname="agent-env-b0a565c8-703d-44b4-9aef-f80a2ff43d04"><testcase classname="tests.test_auth_isolation.TestAuth" name="test_owner_login" time="0.379" /><testcase classname="tests.test_auth_isolation.TestAuth" name="test_me_no_token" time="0.113" /><testcase classname="tests.test_auth_isolation.TestAuth" name="test_me_with_token" time="0.102" /><testcase classname="tests.test_auth_isolation.TestAuth" name="test_register_pending_and_duplicate" time="0.494" /><testcase classname="tests.test_auth_isolation.TestAuth" name="test_login_pending_returns_403" time="0.334" /><testcase classname="tests.test_auth_isolation.TestAuth" name="test_login_wrong_password" time="0.396" /><testcase classname="tests.test_auth_isolation.TestAdmin" name="test_admin_users_requires_owner" time="0.360" /><testcase classname="tests.test_auth_isolation.TestAdmin" name="test_admin_no_auth" time="0.115" /><testcase classname="tests.test_auth_isolation.TestAdmin" name="test_cannot_modify_owner" time="0.892" /><testcase classname="tests.test_auth_isolation.TestAdmin" name="test_approve_reject_revoke_flow" time="0.481" /><testcase classname="tests.test_auth_isolation.TestIsolation" name="test_member_login_after_approval" time="0.354" /><testcase classname="tests.test_auth_isolation.TestIsolation" name="test_non_owner_admin_forbidden" time="0.109" /><testcase classname="tests.test_auth_isolation.TestIsolation" name="test_owner_creates_account" time="0.114" /><testcase classname="tests.test_auth_isolation.TestIsolation" name="test_member_accounts_empty" time="0.106" /><testcase classname="tests.test_auth_isolation.TestIsolation" name="test_member_cannot_modify_owner_account" time="0.210" /><testcase classname="tests.test_auth_isolation.TestIsolation" name="test_regression_owner_crud" time="1.006" /><testcase classname="tests.test_auth_isolation.TestIsolation" name="test_cascade_delete" time="0.514" /></testsuite></testsuites>