<?xml version="1.0" encoding="utf-8"?><testsuites name="pytest tests"><testsuite name="pytest" errors="0" failures="5" skipped="0" tests="47" time="12.751" timestamp="2026-08-22T01:16:30.491823+00:00" hostname="agent-env-b0a565c8-703d-44b4-9aef-f80a2ff43d04"><testcase classname="tests.test_profile_admin.TestRegression" name="test_owner_login" time="0.444" /><testcase classname="tests.test_profile_admin.TestRegression" name="test_pending_cannot_login" time="1.009" /><testcase classname="tests.test_auth_isolation.TestIsolation" name="test_member_login_after_approval" time="1.705"><failure message="AssertionError: {&quot;detail&quot;:&quot;Hesabınız onay bekliyor&quot;}&#10;assert 403 == 200&#10; +  where 403 = &lt;Response [403]&gt;.status_code">backend/tests/test_auth_isolation.py:140: in test_member_login_after_approval
    assert r.status_code == 200, r.text
E   AssertionError: {"detail":"Hesabınız onay bekliyor"}
E   assert 403 == 200
E    +  where 403 = &lt;Response [403]&gt;.status_code</failure></testcase><testcase classname="tests.test_auth_isolation.TestIsolation" name="test_non_owner_admin_forbidden" time="0.000"><failure message="AttributeError: module 'pytest' has no attribute 'member_token'">backend/tests/test_auth_isolation.py:145: in test_non_owner_admin_forbidden
    headers = {"Authorization": f"Bearer {pytest.member_token}"}
                                          ^^^^^^^^^^^^^^^^^^^
E   AttributeError: module 'pytest' has no attribute 'member_token'</failure></testcase><testcase classname="tests.test_auth_isolation.TestIsolation" name="test_owner_creates_account" time="0.260" /><testcase classname="tests.test_profile_admin.TestRegression" name="test_endpoints_with_auth[/accounts]" time="0.635" /><testcase classname="tests.test_auth_isolation.TestIsolation" name="test_member_accounts_empty" time="0.000"><failure message="AttributeError: module 'pytest' has no attribute 'member_token'">backend/tests/test_auth_isolation.py:157: in test_member_accounts_empty
    headers = {"Authorization": f"Bearer {pytest.member_token}"}
                                          ^^^^^^^^^^^^^^^^^^^
E   AttributeError: module 'pytest' has no attribute 'member_token'</failure></testcase><testcase classname="tests.test_auth_isolation.TestIsolation" name="test_member_cannot_modify_owner_account" time="0.000"><failure message="AttributeError: module 'pytest' has no attribute 'member_token'">backend/tests/test_auth_isolation.py:164: in test_member_cannot_modify_owner_account
    headers = {"Authorization": f"Bearer {pytest.member_token}"}
                                          ^^^^^^^^^^^^^^^^^^^
E   AttributeError: module 'pytest' has no attribute 'member_token'</failure></testcase><testcase classname="tests.test_auth_isolation.TestIsolation" name="test_regression_owner_crud" time="1.092" /><testcase classname="tests.test_profile_admin.TestRegression" name="test_endpoints_with_auth[/receivables]" time="0.121" /><testcase classname="tests.test_profile_admin.TestRegression" name="test_endpoints_with_auth[/expenses]" time="0.130" /><testcase classname="tests.test_profile_admin.TestRegression" name="test_endpoints_with_auth[/customers]" time="0.119" /><testcase classname="tests.test_profile_admin.TestRegression" name="test_endpoints_with_auth[/fixed-expenses]" time="0.107" /><testcase classname="tests.test_profile_admin.TestRegression" name="test_endpoints_with_auth[/dashboard/summary]" time="0.227" /><testcase classname="tests.test_profile_admin.TestRegression" name="test_endpoints_with_auth[/upcoming-payments]" time="0.112" /><testcase classname="tests.test_profile_admin.TestRegression" name="test_endpoints_require_auth[/accounts]" time="0.143" /><testcase classname="tests.test_profile_admin.TestRegression" name="test_endpoints_require_auth[/receivables]" time="0.146" /><testcase classname="tests.test_auth_isolation.TestIsolation" name="test_cascade_delete" time="0.148"><failure message="AttributeError: module 'pytest' has no attribute 'member_token'">backend/tests/test_auth_isolation.py:211: in test_cascade_delete
    headers = {"Authorization": f"Bearer {pytest.member_token}"}
                                          ^^^^^^^^^^^^^^^^^^^
E   AttributeError: module 'pytest' has no attribute 'member_token'</failure></testcase><testcase classname="tests.test_profile_admin.TestRegression" name="test_endpoints_require_auth[/expenses]" time="0.106" /><testcase classname="tests.test_profile_admin.TestRegression" name="test_endpoints_require_auth[/customers]" time="0.263" /><testcase classname="tests.test_profile_admin.TestProfileSelf" name="test_update_name" time="0.501" /><testcase classname="tests.test_profile_admin.TestRegression" name="test_endpoints_require_auth[/fixed-expenses]" time="0.119" /><testcase classname="tests.test_profile_admin.TestRegression" name="test_endpoints_require_auth[/dashboard/summary]" time="0.160" /><testcase classname="tests.test_profile_admin.TestRegression" name="test_endpoints_require_auth[/upcoming-payments]" time="0.245" /><testcase classname="tests.test_auth_isolation.TestAuth" name="test_owner_login" time="0.320" /><testcase classname="tests.test_auth_isolation.TestAuth" name="test_me_no_token" time="0.254" /><testcase classname="tests.test_auth_isolation.TestAuth" name="test_me_with_token" time="0.191" /><testcase classname="tests.test_profile_admin.TestProfileSelf" name="test_email_requires_current_password" time="1.657" /><testcase classname="tests.test_auth_isolation.TestAuth" name="test_register_pending_and_duplicate" time="0.637" /><testcase classname="tests.test_profile_admin.TestProfileSelf" name="test_new_password_requires_current_password" time="0.127" /><testcase classname="tests.test_auth_isolation.TestAuth" name="test_login_pending_returns_403" time="0.324" /><testcase classname="tests.test_profile_admin.TestProfileSelf" name="test_new_password_too_short" time="0.542" /><testcase classname="tests.test_auth_isolation.TestAuth" name="test_login_wrong_password" time="0.504" /><testcase classname="tests.test_profile_admin.TestProfileSelf" name="test_change_password_and_login" time="1.638" /><testcase classname="tests.test_auth_isolation.TestAdmin" name="test_admin_users_requires_owner" time="0.571" /><testcase classname="tests.test_auth_isolation.TestAdmin" name="test_admin_no_auth" time="0.256" /><testcase classname="tests.test_auth_isolation.TestAdmin" name="test_cannot_modify_owner" time="1.215" /><testcase classname="tests.test_profile_admin.TestProfileSelf" name="test_avatar_valid_base64" time="0.296" /><testcase classname="tests.test_profile_admin.TestProfileSelf" name="test_avatar_invalid_format" time="0.149" /><testcase classname="tests.test_profile_admin.TestAdminEditUser" name="test_edit_name" time="0.130" /><testcase classname="tests.test_profile_admin.TestAdminEditUser" name="test_edit_email_unique_conflict" time="0.109" /><testcase classname="tests.test_auth_isolation.TestAdmin" name="test_approve_reject_revoke_flow" time="0.601" /><testcase classname="tests.test_profile_admin.TestAdminEditUser" name="test_owner_cannot_be_edited" time="0.365" /><testcase classname="tests.test_profile_admin.TestAdminResetPassword" name="test_reset_member_password" time="2.633" /><testcase classname="tests.test_profile_admin.TestAdminResetPassword" name="test_short_password" time="0.126" /><testcase classname="tests.test_profile_admin.TestAdminResetPassword" name="test_owner_cannot_reset_own" time="0.249" /><testcase classname="tests.test_profile_admin.TestAdminResetPassword" name="test_non_owner_forbidden" time="0.252" /></testsuite></testsuites>