<?xml version="1.0" encoding="utf-8"?><testsuites name="pytest tests"><testsuite name="pytest" errors="0" failures="0" skipped="0" tests="16" time="2.896" timestamp="2026-08-22T00:10:31.412138+00:00" hostname="agent-env-b0a565c8-703d-44b4-9aef-f80a2ff43d04"><testcase classname="tests.test_kasa_recurring.TestFixedExpenses" name="test_create_generates_12_expenses" time="0.406" /><testcase classname="tests.test_kasa_recurring.TestCustomers" name="test_create_customer_generates_12_receivables" time="0.375" /><testcase classname="tests.test_kasa_recurring.TestCustomers" name="test_list_customers" time="0.281" /><testcase classname="tests.test_kasa_recurring.TestFixedExpenses" name="test_patch_resyncs_expenses" time="0.322" /><testcase classname="tests.test_kasa_recurring.TestCustomers" name="test_patch_customer_resyncs_receivables" time="0.318" /><testcase classname="tests.test_kasa_recurring.TestFixedExpenses" name="test_delete_fixed_expense" time="0.242" /><testcase classname="tests.test_kasa_recurring.TestFixedExpenses" name="test_day_validation" time="0.128" /><testcase classname="tests.test_kasa_recurring.TestCustomers" name="test_patch_customer_preserves_paid" time="0.727" /><testcase classname="tests.test_kasa_recurring.TestMonthFilter" name="test_receivables_month_filter" time="0.268" /><testcase classname="tests.test_kasa_recurring.TestMonthFilter" name="test_expenses_month_filter" time="0.303" /><testcase classname="tests.test_kasa_recurring.TestMonthFilter" name="test_no_month_returns_all" time="0.128" /><testcase classname="tests.test_kasa_recurring.TestCustomers" name="test_delete_customer_preserves_paid_history" time="0.462" /><testcase classname="tests.test_kasa_recurring.TestRegression" name="test_dashboard_summary" time="0.136" /><testcase classname="tests.test_kasa_recurring.TestRegression" name="test_accounts_list" time="0.147" /><testcase classname="tests.test_kasa_recurring.TestRegression" name="test_upcoming_payments" time="0.156" /><testcase classname="tests.test_kasa_recurring.TestCustomers" name="test_day_of_month_validation" time="0.199" /></testsuite></testsuites>